app/build/intermediates/manifest_merge_blame_file/debug/manifest-merger-blame-debug-report.txt
1<?xml version="1.0" encoding="utf-8"?>
2<manifest xmlns:android="http://schemas.android.com/apk/res/android"
3    package="com.mallacreativa.certificacion"
4    android:versionCode="1"
5    android:versionName="1.0" >
6
7    <uses-sdk
8        android:minSdkVersion="21"
8-->src/main/AndroidManifest.xml
9        android:targetSdkVersion="28" />
9-->src/main/AndroidManifest.xml
10
11    <!--
12         The ACCESS_COARSE/FINE_LOCATION permissions are not required to use
13         Google Maps Android API v2, but you must specify either coarse or fine
14         location permissions for the 'MyLocation' functionality.
15    -->
16    <uses-permission android:name="android.permission.ACCESS_FINE_LOCATION" />
16-->src/main/AndroidManifest.xml:10:5-78
16-->src/main/AndroidManifest.xml:10:22-76
17    <uses-permission android:name="android.permission.INTERNET" />
17-->src/main/AndroidManifest.xml:11:5-66
17-->src/main/AndroidManifest.xml:11:22-64
18    <uses-permission android:name="android.permission.ACCESS_WIFI_STATE" />
18-->[com.google.android.libraries.places:places:1.1.0] AndroidManifest.xml:10:5-76
18-->[com.google.android.libraries.places:places:1.1.0] AndroidManifest.xml:10:22-73
19    <uses-permission android:name="android.permission.ACCESS_NETWORK_STATE" />
19-->[com.google.firebase:firebase-database:16.0.4] AndroidManifest.xml:22:5-79
19-->[com.google.firebase:firebase-database:16.0.4] AndroidManifest.xml:22:22-76
20
21    <uses-feature
21-->[com.google.android.gms:play-services-maps:16.1.0] AndroidManifest.xml:26:5-28:35
22        android:glEsVersion="0x00020000"
22-->[com.google.android.gms:play-services-maps:16.1.0] AndroidManifest.xml:27:9-41
23        android:required="true" />
23-->[com.google.android.gms:play-services-maps:16.1.0] AndroidManifest.xml:28:9-32
24
25    <uses-permission android:name="android.permission.WAKE_LOCK" />
25-->[com.google.firebase:firebase-measurement-connector-impl:17.0.2] AndroidManifest.xml:24:5-68
25-->[com.google.firebase:firebase-measurement-connector-impl:17.0.2] AndroidManifest.xml:24:22-65
26    <uses-permission android:name="com.google.android.finsky.permission.BIND_GET_INSTALL_REFERRER_SERVICE" /> <!-- Required by older versions of Google Play services to create IID tokens -->
26-->[com.google.firebase:firebase-analytics:16.0.4] AndroidManifest.xml:26:5-110
26-->[com.google.firebase:firebase-analytics:16.0.4] AndroidManifest.xml:26:22-107
27    <uses-permission android:name="com.google.android.c2dm.permission.RECEIVE" />
27-->[com.google.firebase:firebase-iid:17.0.4] AndroidManifest.xml:26:5-82
27-->[com.google.firebase:firebase-iid:17.0.4] AndroidManifest.xml:26:22-79
28
29    <application
29-->src/main/AndroidManifest.xml:13:5-42:19
30        android:allowBackup="true"
30-->src/main/AndroidManifest.xml:14:13-39
31        android:appComponentFactory="androidx.core.app.CoreComponentFactory"
31-->[androidx.core:core:1.0.2] AndroidManifest.xml:22:18-86
32        android:debuggable="true"
33        android:icon="@mipmap/ic_launcher"
33-->src/main/AndroidManifest.xml:15:13-47
34        android:label="@string/app_name"
34-->src/main/AndroidManifest.xml:16:13-45
35        android:roundIcon="@mipmap/ic_launcher_round"
35-->src/main/AndroidManifest.xml:17:13-58
36        android:supportsRtl="true"
36-->src/main/AndroidManifest.xml:18:13-39
37        android:testOnly="true"
38        android:theme="@style/AppTheme" >
38-->src/main/AndroidManifest.xml:19:13-44
39        <meta-data
39-->src/main/AndroidManifest.xml:21:9-23:58
40            android:name="com.google.android.maps.v2.API_KEY"
40-->src/main/AndroidManifest.xml:22:17-66
41            android:value="@string/google_maps_key" />
41-->src/main/AndroidManifest.xml:23:17-56
42
43        <activity
43-->src/main/AndroidManifest.xml:26:9-29:20
44            android:name="com.mallacreativa.certificacion.MapsActivity"
44-->src/main/AndroidManifest.xml:27:17-45
45            android:label="@string/title_activity_maps" >
45-->src/main/AndroidManifest.xml:28:17-60
46        </activity>
47        <activity
47-->src/main/AndroidManifest.xml:30:9-34:20
48            android:name="com.mallacreativa.certificacion.RegisterActivity"
48-->src/main/AndroidManifest.xml:31:17-49
49            android:label="@string/title_activity_login"
49-->src/main/AndroidManifest.xml:32:17-61
50            android:theme="@style/AppTheme.NoActionBar" >
50-->src/main/AndroidManifest.xml:33:17-60
51        </activity>
52        <activity android:name="com.mallacreativa.certificacion.MainActivity" >
52-->src/main/AndroidManifest.xml:35:9-41:20
52-->src/main/AndroidManifest.xml:35:19-47
53            <intent-filter>
53-->src/main/AndroidManifest.xml:36:13-40:29
54                <action android:name="android.intent.action.MAIN" />
54-->src/main/AndroidManifest.xml:37:17-68
54-->src/main/AndroidManifest.xml:37:25-66
55
56                <category android:name="android.intent.category.LAUNCHER" />
56-->src/main/AndroidManifest.xml:39:17-76
56-->src/main/AndroidManifest.xml:39:27-74
57            </intent-filter>
58        </activity>
59        <!-- Autocomplete -->
60        <activity
60-->[com.google.android.libraries.places:places:1.1.0] AndroidManifest.xml:16:9-23:20
61            android:name="com.google.android.libraries.places.widget.AutocompleteActivity"
61-->[com.google.android.libraries.places:places:1.1.0] AndroidManifest.xml:17:13-91
62            android:exported="false"
62-->[com.google.android.libraries.places:places:1.1.0] AndroidManifest.xml:18:13-37
63            android:hardwareAccelerated="true"
63-->[com.google.android.libraries.places:places:1.1.0] AndroidManifest.xml:19:13-47
64            android:label="@string/places_autocomplete_label"
64-->[com.google.android.libraries.places:places:1.1.0] AndroidManifest.xml:20:13-62
65            android:theme="@style/PlacesAutocompleteThemeOverlay"
65-->[com.google.android.libraries.places:places:1.1.0] AndroidManifest.xml:21:13-66
66            android:windowSoftInputMode="stateAlwaysVisible|adjustPan" >
66-->[com.google.android.libraries.places:places:1.1.0] AndroidManifest.xml:22:13-71
67        </activity>
68        <!--
69             FirebaseMessagingService performs security checks at runtime,
70             no need for explicit permissions despite exported="true"
71        -->
72        <service
72-->[com.google.firebase:firebase-messaging:17.3.4] AndroidManifest.xml:28:9-34:19
73            android:name="com.google.firebase.messaging.FirebaseMessagingService"
73-->[com.google.firebase:firebase-messaging:17.3.4] AndroidManifest.xml:29:13-82
74            android:exported="true" >
74-->[com.google.firebase:firebase-messaging:17.3.4] AndroidManifest.xml:30:13-36
75            <intent-filter android:priority="-500" >
75-->[com.google.firebase:firebase-messaging:17.3.4] AndroidManifest.xml:31:13-33:29
75-->[com.google.firebase:firebase-messaging:17.3.4] AndroidManifest.xml:31:28-51
76                <action android:name="com.google.firebase.MESSAGING_EVENT" />
76-->[com.google.firebase:firebase-messaging:17.3.4] AndroidManifest.xml:32:17-78
76-->[com.google.firebase:firebase-messaging:17.3.4] AndroidManifest.xml:32:25-75
77            </intent-filter>
78        </service>
79
80        <activity
80-->[com.google.firebase:firebase-auth:16.0.5] AndroidManifest.xml:24:9-31:50
81            android:name="com.google.firebase.auth.internal.FederatedSignInActivity"
81-->[com.google.firebase:firebase-auth:16.0.5] AndroidManifest.xml:25:13-85
82            android:excludeFromRecents="true"
82-->[com.google.firebase:firebase-auth:16.0.5] AndroidManifest.xml:26:13-46
83            android:exported="true"
83-->[com.google.firebase:firebase-auth:16.0.5] AndroidManifest.xml:27:13-36
84            android:launchMode="singleTask"
84-->[com.google.firebase:firebase-auth:16.0.5] AndroidManifest.xml:28:13-44
85            android:permission="com.google.firebase.auth.api.gms.permission.LAUNCH_FEDERATED_SIGN_IN"
85-->[com.google.firebase:firebase-auth:16.0.5] AndroidManifest.xml:29:13-102
86            android:theme="@android:style/Theme.Translucent.NoTitleBar" />
86-->[com.google.firebase:firebase-auth:16.0.5] AndroidManifest.xml:30:13-72
87
88        <service
88-->[com.google.firebase:firebase-auth:16.0.5] AndroidManifest.xml:33:9-39:19
89            android:name="com.google.firebase.components.ComponentDiscoveryService"
89-->[com.google.firebase:firebase-auth:16.0.5] AndroidManifest.xml:34:13-84
90            android:exported="false" >
90-->[com.google.firebase:firebase-auth:16.0.5] AndroidManifest.xml:35:13-37
91            <meta-data
91-->[com.google.firebase:firebase-auth:16.0.5] AndroidManifest.xml:36:13-38:85
92                android:name="com.google.firebase.components:com.google.firebase.auth.FirebaseAuthRegistrar"
92-->[com.google.firebase:firebase-auth:16.0.5] AndroidManifest.xml:37:17-109
93                android:value="com.google.firebase.components.ComponentRegistrar" />
93-->[com.google.firebase:firebase-auth:16.0.5] AndroidManifest.xml:38:17-82
94            <meta-data
94-->[com.google.firebase:firebase-measurement-connector-impl:17.0.2] AndroidManifest.xml:28:13-30:85
95                android:name="com.google.firebase.components:com.google.firebase.analytics.connector.internal.AnalyticsConnectorRegistrar"
95-->[com.google.firebase:firebase-measurement-connector-impl:17.0.2] AndroidManifest.xml:29:17-139
96                android:value="com.google.firebase.components.ComponentRegistrar" />
96-->[com.google.firebase:firebase-measurement-connector-impl:17.0.2] AndroidManifest.xml:30:17-82
97            <meta-data
97-->[com.google.firebase:firebase-iid:17.0.4] AndroidManifest.xml:32:13-34:85
98                android:name="com.google.firebase.components:com.google.firebase.iid.Registrar"
98-->[com.google.firebase:firebase-iid:17.0.4] AndroidManifest.xml:33:17-96
99                android:value="com.google.firebase.components.ComponentRegistrar" />
99-->[com.google.firebase:firebase-iid:17.0.4] AndroidManifest.xml:34:17-82
100        </service> <!-- Needs to be explicitly declared on P+ -->
101        <uses-library
101-->[com.google.android.gms:play-services-maps:16.1.0] AndroidManifest.xml:33:9-35:40
102            android:name="org.apache.http.legacy"
102-->[com.google.android.gms:play-services-maps:16.1.0] AndroidManifest.xml:34:13-50
103            android:required="false" />
103-->[com.google.android.gms:play-services-maps:16.1.0] AndroidManifest.xml:35:13-37
104
105        <receiver
105-->[com.google.firebase:firebase-analytics:16.0.4] AndroidManifest.xml:29:9-33:20
106            android:name="com.google.android.gms.measurement.AppMeasurementReceiver"
106-->[com.google.firebase:firebase-analytics:16.0.4] AndroidManifest.xml:30:13-85
107            android:enabled="true"
107-->[com.google.firebase:firebase-analytics:16.0.4] AndroidManifest.xml:31:13-35
108            android:exported="false" >
108-->[com.google.firebase:firebase-analytics:16.0.4] AndroidManifest.xml:32:13-37
109        </receiver>
110        <receiver
110-->[com.google.firebase:firebase-analytics:16.0.4] AndroidManifest.xml:34:9-42:20
111            android:name="com.google.android.gms.measurement.AppMeasurementInstallReferrerReceiver"
111-->[com.google.firebase:firebase-analytics:16.0.4] AndroidManifest.xml:35:13-100
112            android:enabled="true"
112-->[com.google.firebase:firebase-analytics:16.0.4] AndroidManifest.xml:36:13-35
113            android:exported="true"
113-->[com.google.firebase:firebase-analytics:16.0.4] AndroidManifest.xml:37:13-36
114            android:permission="android.permission.INSTALL_PACKAGES" >
114-->[com.google.firebase:firebase-analytics:16.0.4] AndroidManifest.xml:38:13-69
115            <intent-filter>
115-->[com.google.firebase:firebase-analytics:16.0.4] AndroidManifest.xml:39:13-41:29
116                <action android:name="com.android.vending.INSTALL_REFERRER" />
116-->[com.google.firebase:firebase-analytics:16.0.4] AndroidManifest.xml:40:17-79
116-->[com.google.firebase:firebase-analytics:16.0.4] AndroidManifest.xml:40:25-76
117            </intent-filter>
118        </receiver>
119
120        <service
120-->[com.google.firebase:firebase-analytics:16.0.4] AndroidManifest.xml:44:9-47:40
121            android:name="com.google.android.gms.measurement.AppMeasurementService"
121-->[com.google.firebase:firebase-analytics:16.0.4] AndroidManifest.xml:45:13-84
122            android:enabled="true"
122-->[com.google.firebase:firebase-analytics:16.0.4] AndroidManifest.xml:46:13-35
123            android:exported="false" />
123-->[com.google.firebase:firebase-analytics:16.0.4] AndroidManifest.xml:47:13-37
124        <service
124-->[com.google.firebase:firebase-analytics:16.0.4] AndroidManifest.xml:48:9-52:72
125            android:name="com.google.android.gms.measurement.AppMeasurementJobService"
125-->[com.google.firebase:firebase-analytics:16.0.4] AndroidManifest.xml:49:13-87
126            android:enabled="true"
126-->[com.google.firebase:firebase-analytics:16.0.4] AndroidManifest.xml:50:13-35
127            android:exported="false"
127-->[com.google.firebase:firebase-analytics:16.0.4] AndroidManifest.xml:51:13-37
128            android:permission="android.permission.BIND_JOB_SERVICE" />
128-->[com.google.firebase:firebase-analytics:16.0.4] AndroidManifest.xml:52:13-69
129
130        <receiver
130-->[com.google.firebase:firebase-iid:17.0.4] AndroidManifest.xml:37:9-44:20
131            android:name="com.google.firebase.iid.FirebaseInstanceIdReceiver"
131-->[com.google.firebase:firebase-iid:17.0.4] AndroidManifest.xml:38:13-78
132            android:exported="true"
132-->[com.google.firebase:firebase-iid:17.0.4] AndroidManifest.xml:39:13-36
133            android:permission="com.google.android.c2dm.permission.SEND" >
133-->[com.google.firebase:firebase-iid:17.0.4] AndroidManifest.xml:40:13-73
134            <intent-filter>
134-->[com.google.firebase:firebase-iid:17.0.4] AndroidManifest.xml:41:13-43:29
135                <action android:name="com.google.android.c2dm.intent.RECEIVE" />
135-->[com.google.firebase:firebase-iid:17.0.4] AndroidManifest.xml:42:17-81
135-->[com.google.firebase:firebase-iid:17.0.4] AndroidManifest.xml:42:25-78
136            </intent-filter>
137        </receiver>
138        <!--
139             FirebaseInstanceIdService performs security checks at runtime,
140             no need for explicit permissions despite exported="true"
141        -->
142        <service
142-->[com.google.firebase:firebase-iid:17.0.4] AndroidManifest.xml:50:9-56:19
143            android:name="com.google.firebase.iid.FirebaseInstanceIdService"
143-->[com.google.firebase:firebase-iid:17.0.4] AndroidManifest.xml:51:13-77
144            android:exported="true" >
144-->[com.google.firebase:firebase-iid:17.0.4] AndroidManifest.xml:52:13-36
145            <intent-filter android:priority="-500" >
145-->[com.google.firebase:firebase-iid:17.0.4] AndroidManifest.xml:53:13-55:29
145-->[com.google.firebase:firebase-iid:17.0.4] AndroidManifest.xml:53:28-51
146                <action android:name="com.google.firebase.INSTANCE_ID_EVENT" />
146-->[com.google.firebase:firebase-iid:17.0.4] AndroidManifest.xml:54:17-80
146-->[com.google.firebase:firebase-iid:17.0.4] AndroidManifest.xml:54:25-77
147            </intent-filter>
148        </service>
149
150        <provider
150-->[com.google.firebase:firebase-common:16.0.3] AndroidManifest.xml:10:9-14:39
151            android:name="com.google.firebase.provider.FirebaseInitProvider"
151-->[com.google.firebase:firebase-common:16.0.3] AndroidManifest.xml:11:13-77
152            android:authorities="com.mallacreativa.certificacion.firebaseinitprovider"
152-->[com.google.firebase:firebase-common:16.0.3] AndroidManifest.xml:12:13-72
153            android:exported="false"
153-->[com.google.firebase:firebase-common:16.0.3] AndroidManifest.xml:13:13-37
154            android:initOrder="100" />
154-->[com.google.firebase:firebase-common:16.0.3] AndroidManifest.xml:14:13-36
155
156        <activity
156-->[com.google.android.gms:play-services-base:16.1.0] AndroidManifest.xml:23:9-26:75
157            android:name="com.google.android.gms.common.api.GoogleApiActivity"
157-->[com.google.android.gms:play-services-base:16.1.0] AndroidManifest.xml:24:13-79
158            android:exported="false"
158-->[com.google.android.gms:play-services-base:16.1.0] AndroidManifest.xml:25:13-37
159            android:theme="@android:style/Theme.Translucent.NoTitleBar" />
159-->[com.google.android.gms:play-services-base:16.1.0] AndroidManifest.xml:26:13-72
160
161        <meta-data
161-->[com.google.android.gms:play-services-basement:16.2.0] AndroidManifest.xml:23:9-25:69
162            android:name="com.google.android.gms.version"
162-->[com.google.android.gms:play-services-basement:16.2.0] AndroidManifest.xml:24:13-58
163            android:value="@integer/google_play_services_version" />
163-->[com.google.android.gms:play-services-basement:16.2.0] AndroidManifest.xml:25:13-66
164    </application>
165
166</manifest>